{"D:\\Desarollo Web\\Full Stack Node Nest React\\CrashTracker\\backend\\src\\server.ts": {"path":"D:\\Desarollo Web\\Full Stack Node Nest React\\CrashTracker\\backend\\src\\server.ts","statementMap":{"0":{"start":{"line":7,"column":0},"end":{"line":7,"column":7}},"1":{"start":{"line":1,"column":0},"end":{"line":1,"column":30}},"2":{"start":{"line":2,"column":0},"end":{"line":2,"column":28}},"3":{"start":{"line":3,"column":0},"end":{"line":3,"column":28}},"4":{"start":{"line":4,"column":0},"end":{"line":4,"column":31}},"5":{"start":{"line":5,"column":0},"end":{"line":5,"column":49}},"6":{"start":{"line":6,"column":0},"end":{"line":6,"column":45}},"7":{"start":{"line":8,"column":4},"end":{"line":16,"column":5}},"8":{"start":{"line":9,"column":8},"end":{"line":9,"column":null}},"9":{"start":{"line":10,"column":8},"end":{"line":10,"column":null}},"10":{"start":{"line":11,"column":8},"end":{"line":11,"column":null}},"11":{"start":{"line":13,"column":8},"end":{"line":13,"column":66}},"12":{"start":{"line":19,"column":0},"end":{"line":19,"column":12}},"13":{"start":{"line":21,"column":11},"end":{"line":21,"column":20}},"14":{"start":{"line":23,"column":0},"end":{"line":23,"column":23}},"15":{"start":{"line":25,"column":0},"end":{"line":25,"column":24}},"16":{"start":{"line":26,"column":0},"end":{"line":26,"column":38}},"17":{"start":{"line":27,"column":0},"end":{"line":27,"column":null}},"18":{"start":{"line":31,"column":0},"end":{"line":33,"column":null}},"19":{"start":{"line":32,"column":4},"end":{"line":32,"column":26}},"20":{"start":{"line":35,"column":0},"end":{"line":35,"column":19}}},"fnMap":{"0":{"name":"connectDB","decl":{"start":{"line":7,"column":23},"end":{"line":7,"column":32}},"loc":{"start":{"line":7,"column":32},"end":{"line":17,"column":1}}},"1":{"name":"(anonymous_2)","decl":{"start":{"line":31,"column":12},"end":{"line":31,"column":13}},"loc":{"start":{"line":31,"column":23},"end":{"line":33,"column":1}}}},"branchMap":{},"s":{"0":1,"1":1,"2":1,"3":1,"4":1,"5":1,"6":1,"7":1,"8":1,"9":1,"10":1,"11":0,"12":1,"13":1,"14":1,"15":1,"16":1,"17":1,"18":1,"19":0,"20":1},"f":{"0":1,"1":0},"b":{}}
,"D:\\Desarollo Web\\Full Stack Node Nest React\\CrashTracker\\backend\\src\\config\\db.ts": {"path":"D:\\Desarollo Web\\Full Stack Node Nest React\\CrashTracker\\backend\\src\\config\\db.ts","statementMap":{"0":{"start":{"line":1,"column":0},"end":{"line":1,"column":48}},"1":{"start":{"line":2,"column":0},"end":{"line":2,"column":28}},"2":{"start":{"line":4,"column":0},"end":{"line":4,"column":null}},"3":{"start":{"line":7,"column":13},"end":{"line":15,"column":null}}},"fnMap":{},"branchMap":{},"s":{"0":1,"1":1,"2":1,"3":1},"f":{},"b":{}}
,"D:\\Desarollo Web\\Full Stack Node Nest React\\CrashTracker\\backend\\src\\config\\limiter.ts": {"path":"D:\\Desarollo Web\\Full Stack Node Nest React\\CrashTracker\\backend\\src\\config\\limiter.ts","statementMap":{"0":{"start":{"line":1,"column":0},"end":{"line":1,"column":47}},"1":{"start":{"line":3,"column":13},"end":{"line":8,"column":null}}},"fnMap":{},"branchMap":{"0":{"loc":{"start":{"line":5,"column":10},"end":{"line":5,"column":55}},"type":"cond-expr","locations":[{"start":{"line":5,"column":48},"end":{"line":5,"column":49}},{"start":{"line":5,"column":52},"end":{"line":5,"column":55}}]}},"s":{"0":1,"1":1},"f":{},"b":{"0":[0,1]}}
,"D:\\Desarollo Web\\Full Stack Node Nest React\\CrashTracker\\backend\\src\\config\\nodemailer.ts": {"path":"D:\\Desarollo Web\\Full Stack Node Nest React\\CrashTracker\\backend\\src\\config\\nodemailer.ts","statementMap":{"0":{"start":{"line":1,"column":0},"end":{"line":1,"column":36}},"1":{"start":{"line":2,"column":0},"end":{"line":2,"column":28}},"2":{"start":{"line":3,"column":0},"end":{"line":3,"column":16}},"3":{"start":{"line":14,"column":15},"end":{"line":24,"column":1}},"4":{"start":{"line":15,"column":4},"end":{"line":22,"column":null}},"5":{"start":{"line":26,"column":13},"end":{"line":26,"column":62}}},"fnMap":{"0":{"name":"(anonymous_1)","decl":{"start":{"line":14,"column":15},"end":{"line":14,"column":34}},"loc":{"start":{"line":14,"column":36},"end":{"line":24,"column":1}}}},"branchMap":{},"s":{"0":2,"1":2,"2":2,"3":2,"4":2,"5":2},"f":{"0":2},"b":{}}
,"D:\\Desarollo Web\\Full Stack Node Nest React\\CrashTracker\\backend\\src\\controllers\\AuthController.ts": {"path":"D:\\Desarollo Web\\Full Stack Node Nest React\\CrashTracker\\backend\\src\\controllers\\AuthController.ts","statementMap":{"0":{"start":{"line":2,"column":0},"end":{"line":2,"column":34}},"1":{"start":{"line":3,"column":0},"end":{"line":3,"column":60}},"2":{"start":{"line":4,"column":0},"end":{"line":4,"column":47}},"3":{"start":{"line":5,"column":0},"end":{"line":5,"column":48}},"4":{"start":{"line":6,"column":0},"end":{"line":6,"column":43}},"5":{"start":{"line":9,"column":27},"end":{"line":49,"column":5}},"6":{"start":{"line":11,"column":43},"end":{"line":11,"column":51}},"7":{"start":{"line":13,"column":29},"end":{"line":13,"column":64}},"8":{"start":{"line":14,"column":12},"end":{"line":19,"column":13}},"9":{"start":{"line":15,"column":28},"end":{"line":15,"column":85}},"10":{"start":{"line":16,"column":17},"end":{"line":16,"column":null}},"11":{"start":{"line":17,"column":17},"end":{"line":17,"column":24}},"12":{"start":{"line":20,"column":12},"end":{"line":48,"column":13}},"13":{"start":{"line":21,"column":28},"end":{"line":21,"column":56}},"14":{"start":{"line":22,"column":16},"end":{"line":22,"column":null}},"15":{"start":{"line":23,"column":29},"end":{"line":23,"column":44}},"16":{"start":{"line":24,"column":16},"end":{"line":24,"column":33}},"17":{"start":{"line":27,"column":16},"end":{"line":29,"column":17}},"18":{"start":{"line":28,"column":20},"end":{"line":28,"column":65}},"19":{"start":{"line":32,"column":16},"end":{"line":32,"column":null}},"20":{"start":{"line":34,"column":16},"end":{"line":38,"column":null}},"21":{"start":{"line":40,"column":16},"end":{"line":40,"column":77}},"22":{"start":{"line":41,"column":16},"end":{"line":41,"column":23}},"23":{"start":{"line":45,"column":16},"end":{"line":45,"column":35}},"24":{"start":{"line":46,"column":16},"end":{"line":46,"column":65}},"25":{"start":{"line":47,"column":16},"end":{"line":47,"column":23}},"26":{"start":{"line":51,"column":43},"end":{"line":65,"column":5}},"27":{"start":{"line":52,"column":25},"end":{"line":52,"column":33}},"28":{"start":{"line":53,"column":23},"end":{"line":53,"column":58}},"29":{"start":{"line":54,"column":11},"end":{"line":58,"column":12}},"30":{"start":{"line":55,"column":28},"end":{"line":55,"column":56}},"31":{"start":{"line":56,"column":16},"end":{"line":56,"column":null}},"32":{"start":{"line":57,"column":16},"end":{"line":57,"column":23}},"33":{"start":{"line":59,"column":11},"end":{"line":59,"column":29}},"34":{"start":{"line":60,"column":11},"end":{"line":60,"column":27}},"35":{"start":{"line":61,"column":11},"end":{"line":61,"column":null}},"36":{"start":{"line":63,"column":12},"end":{"line":63,"column":56}},"37":{"start":{"line":64,"column":12},"end":{"line":64,"column":19}},"38":{"start":{"line":66,"column":19},"end":{"line":88,"column":5}},"39":{"start":{"line":67,"column":34},"end":{"line":67,"column":42}},"40":{"start":{"line":68,"column":22},"end":{"line":68,"column":57}},"41":{"start":{"line":69,"column":12},"end":{"line":73,"column":13}},"42":{"start":{"line":70,"column":28},"end":{"line":70,"column":65}},"43":{"start":{"line":71,"column":16},"end":{"line":71,"column":null}},"44":{"start":{"line":72,"column":16},"end":{"line":72,"column":23}},"45":{"start":{"line":74,"column":12},"end":{"line":78,"column":13}},"46":{"start":{"line":75,"column":28},"end":{"line":75,"column":72}},"47":{"start":{"line":76,"column":16},"end":{"line":76,"column":null}},"48":{"start":{"line":77,"column":16},"end":{"line":77,"column":23}},"49":{"start":{"line":79,"column":36},"end":{"line":79,"column":81}},"50":{"start":{"line":80,"column":11},"end":{"line":84,"column":12}},"51":{"start":{"line":81,"column":28},"end":{"line":81,"column":60}},"52":{"start":{"line":82,"column":16},"end":{"line":82,"column":null}},"53":{"start":{"line":83,"column":16},"end":{"line":83,"column":23}},"54":{"start":{"line":85,"column":24},"end":{"line":85,"column":44}},"55":{"start":{"line":86,"column":11},"end":{"line":86,"column":27}},"56":{"start":{"line":90,"column":43},"end":{"line":112,"column":5}},"57":{"start":{"line":91,"column":26},"end":{"line":91,"column":34}},"58":{"start":{"line":93,"column":26},"end":{"line":93,"column":61}},"59":{"start":{"line":94,"column":14},"end":{"line":98,"column":15}},"60":{"start":{"line":95,"column":28},"end":{"line":95,"column":65}},"61":{"start":{"line":96,"column":16},"end":{"line":96,"column":null}},"62":{"start":{"line":97,"column":16},"end":{"line":97,"column":23}},"63":{"start":{"line":100,"column":16},"end":{"line":100,"column":43}},"64":{"start":{"line":101,"column":16},"end":{"line":101,"column":34}},"65":{"start":{"line":102,"column":16},"end":{"line":106,"column":null}},"66":{"start":{"line":109,"column":14},"end":{"line":109,"column":72}},"67":{"start":{"line":110,"column":14},"end":{"line":110,"column":21}},"68":{"start":{"line":113,"column":42},"end":{"line":123,"column":5}},"69":{"start":{"line":114,"column":27},"end":{"line":114,"column":35}},"70":{"start":{"line":115,"column":31},"end":{"line":115,"column":66}},"71":{"start":{"line":116,"column":12},"end":{"line":120,"column":13}},"72":{"start":{"line":117,"column":28},"end":{"line":117,"column":56}},"73":{"start":{"line":118,"column":16},"end":{"line":118,"column":null}},"74":{"start":{"line":119,"column":16},"end":{"line":119,"column":23}},"75":{"start":{"line":121,"column":12},"end":{"line":121,"column":37}},"76":{"start":{"line":124,"column":51},"end":{"line":141,"column":5}},"77":{"start":{"line":125,"column":26},"end":{"line":125,"column":36}},"78":{"start":{"line":126,"column":29},"end":{"line":126,"column":37}},"79":{"start":{"line":128,"column":24},"end":{"line":128,"column":59}},"80":{"start":{"line":129,"column":12},"end":{"line":133,"column":13}},"81":{"start":{"line":130,"column":28},"end":{"line":130,"column":56}},"82":{"start":{"line":131,"column":16},"end":{"line":131,"column":null}},"83":{"start":{"line":132,"column":16},"end":{"line":132,"column":23}},"84":{"start":{"line":135,"column":12},"end":{"line":135,"column":56}},"85":{"start":{"line":136,"column":12},"end":{"line":136,"column":28}},"86":{"start":{"line":137,"column":12},"end":{"line":137,"column":30}},"87":{"start":{"line":139,"column":12},"end":{"line":139,"column":null}},"88":{"start":{"line":140,"column":12},"end":{"line":140,"column":19}},"89":{"start":{"line":143,"column":33},"end":{"line":146,"column":5}},"90":{"start":{"line":145,"column":8},"end":{"line":145,"column":27}},"91":{"start":{"line":147,"column":54},"end":{"line":166,"column":5}},"92":{"start":{"line":149,"column":43},"end":{"line":149,"column":51}},"93":{"start":{"line":150,"column":19},"end":{"line":150,"column":27}},"94":{"start":{"line":152,"column":20},"end":{"line":152,"column":43}},"95":{"start":{"line":154,"column":33},"end":{"line":154,"column":86}},"96":{"start":{"line":155,"column":8},"end":{"line":159,"column":9}},"97":{"start":{"line":156,"column":24},"end":{"line":156,"column":56}},"98":{"start":{"line":157,"column":12},"end":{"line":157,"column":null}},"99":{"start":{"line":158,"column":12},"end":{"line":158,"column":19}},"100":{"start":{"line":161,"column":8},"end":{"line":161,"column":52}},"101":{"start":{"line":162,"column":8},"end":{"line":162,"column":26}},"102":{"start":{"line":163,"column":8},"end":{"line":163,"column":null}},"103":{"start":{"line":164,"column":8},"end":{"line":164,"column":15}},"104":{"start":{"line":167,"column":42},"end":{"line":181,"column":5}},"105":{"start":{"line":168,"column":26},"end":{"line":168,"column":34}},"106":{"start":{"line":169,"column":19},"end":{"line":169,"column":27}},"107":{"start":{"line":171,"column":20},"end":{"line":171,"column":43}},"108":{"start":{"line":173,"column":33},"end":{"line":173,"column":78}},"109":{"start":{"line":174,"column":8},"end":{"line":178,"column":9}},"110":{"start":{"line":175,"column":24},"end":{"line":175,"column":56}},"111":{"start":{"line":176,"column":12},"end":{"line":176,"column":null}},"112":{"start":{"line":177,"column":12},"end":{"line":177,"column":19}},"113":{"start":{"line":179,"column":8},"end":{"line":179,"column":38}},"114":{"start":{"line":180,"column":8},"end":{"line":180,"column":15}},"115":{"start":{"line":8,"column":0},"end":{"line":8,"column":13}}},"fnMap":{"0":{"name":"(anonymous_1)","decl":{"start":{"line":9,"column":27},"end":{"line":9,"column":32}},"loc":{"start":{"line":9,"column":64},"end":{"line":49,"column":5}}},"1":{"name":"(anonymous_2)","decl":{"start":{"line":51,"column":43},"end":{"line":51,"column":48}},"loc":{"start":{"line":51,"column":80},"end":{"line":65,"column":5}}},"2":{"name":"(anonymous_3)","decl":{"start":{"line":66,"column":19},"end":{"line":66,"column":24}},"loc":{"start":{"line":66,"column":56},"end":{"line":88,"column":5}}},"3":{"name":"(anonymous_4)","decl":{"start":{"line":90,"column":43},"end":{"line":90,"column":48}},"loc":{"start":{"line":90,"column":80},"end":{"line":112,"column":5}}},"4":{"name":"(anonymous_5)","decl":{"start":{"line":113,"column":42},"end":{"line":113,"column":47}},"loc":{"start":{"line":113,"column":79},"end":{"line":123,"column":5}}},"5":{"name":"(anonymous_6)","decl":{"start":{"line":124,"column":51},"end":{"line":124,"column":56}},"loc":{"start":{"line":124,"column":88},"end":{"line":141,"column":5}}},"6":{"name":"(anonymous_7)","decl":{"start":{"line":143,"column":33},"end":{"line":143,"column":38}},"loc":{"start":{"line":143,"column":70},"end":{"line":146,"column":5}}},"7":{"name":"(anonymous_8)","decl":{"start":{"line":147,"column":54},"end":{"line":147,"column":59}},"loc":{"start":{"line":147,"column":91},"end":{"line":166,"column":5}}},"8":{"name":"(anonymous_9)","decl":{"start":{"line":167,"column":42},"end":{"line":167,"column":47}},"loc":{"start":{"line":167,"column":79},"end":{"line":181,"column":5}}}},"branchMap":{"0":{"loc":{"start":{"line":14,"column":12},"end":{"line":19,"column":13}},"type":"if","locations":[{"start":{"line":14,"column":12},"end":{"line":19,"column":13}}]},"1":{"loc":{"start":{"line":27,"column":16},"end":{"line":29,"column":17}},"type":"if","locations":[{"start":{"line":27,"column":16},"end":{"line":29,"column":17}}]},"2":{"loc":{"start":{"line":54,"column":11},"end":{"line":58,"column":12}},"type":"if","locations":[{"start":{"line":54,"column":11},"end":{"line":58,"column":12}}]},"3":{"loc":{"start":{"line":69,"column":12},"end":{"line":73,"column":13}},"type":"if","locations":[{"start":{"line":69,"column":12},"end":{"line":73,"column":13}}]},"4":{"loc":{"start":{"line":74,"column":12},"end":{"line":78,"column":13}},"type":"if","locations":[{"start":{"line":74,"column":12},"end":{"line":78,"column":13}}]},"5":{"loc":{"start":{"line":80,"column":11},"end":{"line":84,"column":12}},"type":"if","locations":[{"start":{"line":80,"column":11},"end":{"line":84,"column":12}}]},"6":{"loc":{"start":{"line":94,"column":14},"end":{"line":98,"column":15}},"type":"if","locations":[{"start":{"line":94,"column":14},"end":{"line":98,"column":15}}]},"7":{"loc":{"start":{"line":116,"column":12},"end":{"line":120,"column":13}},"type":"if","locations":[{"start":{"line":116,"column":12},"end":{"line":120,"column":13}}]},"8":{"loc":{"start":{"line":129,"column":12},"end":{"line":133,"column":13}},"type":"if","locations":[{"start":{"line":129,"column":12},"end":{"line":133,"column":13}}]},"9":{"loc":{"start":{"line":155,"column":8},"end":{"line":159,"column":9}},"type":"if","locations":[{"start":{"line":155,"column":8},"end":{"line":159,"column":9}}]},"10":{"loc":{"start":{"line":174,"column":8},"end":{"line":178,"column":9}},"type":"if","locations":[{"start":{"line":174,"column":8},"end":{"line":178,"column":9}}]}},"s":{"0":2,"1":2,"2":2,"3":2,"4":2,"5":2,"6":5,"7":5,"8":5,"9":3,"10":3,"11":3,"12":2,"13":2,"14":2,"15":2,"16":2,"17":2,"18":2,"19":2,"20":2,"21":2,"22":2,"23":0,"24":0,"25":0,"26":2,"27":2,"28":2,"29":2,"30":1,"31":1,"32":1,"33":1,"34":1,"35":1,"36":1,"37":1,"38":2,"39":13,"40":13,"41":13,"42":1,"43":1,"44":1,"45":12,"46":3,"47":3,"48":3,"49":9,"50":9,"51":2,"52":2,"53":2,"54":7,"55":7,"56":2,"57":0,"58":0,"59":0,"60":0,"61":0,"62":0,"63":0,"64":0,"65":0,"66":0,"67":0,"68":2,"69":0,"70":0,"71":0,"72":0,"73":0,"74":0,"75":0,"76":2,"77":0,"78":0,"79":0,"80":0,"81":0,"82":0,"83":0,"84":0,"85":0,"86":0,"87":0,"88":0,"89":2,"90":0,"91":2,"92":0,"93":0,"94":0,"95":0,"96":0,"97":0,"98":0,"99":0,"100":0,"101":0,"102":0,"103":0,"104":2,"105":0,"106":0,"107":0,"108":0,"109":0,"110":0,"111":0,"112":0,"113":0,"114":0,"115":2},"f":{"0":5,"1":2,"2":13,"3":0,"4":0,"5":0,"6":0,"7":0,"8":0},"b":{"0":[3],"1":[2],"2":[1],"3":[1],"4":[3],"5":[2],"6":[0],"7":[0],"8":[0],"9":[0],"10":[0]}}
,"D:\\Desarollo Web\\Full Stack Node Nest React\\CrashTracker\\backend\\src\\controllers\\BudgetController.ts": {"path":"D:\\Desarollo Web\\Full Stack Node Nest React\\CrashTracker\\backend\\src\\controllers\\BudgetController.ts","statementMap":{"0":{"start":{"line":2,"column":0},"end":{"line":2,"column":38}},"1":{"start":{"line":3,"column":0},"end":{"line":3,"column":40}},"2":{"start":{"line":9,"column":20},"end":{"line":26,"column":5}},"3":{"start":{"line":10,"column":8},"end":{"line":10,"column":28}},"4":{"start":{"line":11,"column":8},"end":{"line":25,"column":9}},"5":{"start":{"line":12,"column":28},"end":{"line":20,"column":14}},"6":{"start":{"line":21,"column":12},"end":{"line":21,"column":null}},"7":{"start":{"line":23,"column":12},"end":{"line":23,"column":31}},"8":{"start":{"line":24,"column":12},"end":{"line":24,"column":61}},"9":{"start":{"line":27,"column":20},"end":{"line":41,"column":5}},"10":{"start":{"line":29,"column":8},"end":{"line":39,"column":9}},"11":{"start":{"line":30,"column":27},"end":{"line":30,"column":57}},"12":{"start":{"line":31,"column":12},"end":{"line":31,"column":39}},"13":{"start":{"line":33,"column":12},"end":{"line":33,"column":32}},"14":{"start":{"line":34,"column":12},"end":{"line":34,"column":73}},"15":{"start":{"line":37,"column":12},"end":{"line":37,"column":31}},"16":{"start":{"line":38,"column":12},"end":{"line":38,"column":77}},"17":{"start":{"line":43,"column":21},"end":{"line":49,"column":5}},"18":{"start":{"line":44,"column":26},"end":{"line":46,"column":14}},"19":{"start":{"line":48,"column":12},"end":{"line":48,"column":29}},"20":{"start":{"line":53,"column":24},"end":{"line":59,"column":5}},"21":{"start":{"line":55,"column":9},"end":{"line":55,"column":43}},"22":{"start":{"line":57,"column":9},"end":{"line":57,"column":null}},"23":{"start":{"line":60,"column":24},"end":{"line":65,"column":5}},"24":{"start":{"line":62,"column":8},"end":{"line":62,"column":35}},"25":{"start":{"line":63,"column":8},"end":{"line":63,"column":56}},"26":{"start":{"line":7,"column":0},"end":{"line":7,"column":13}}},"fnMap":{"0":{"name":"(anonymous_1)","decl":{"start":{"line":9,"column":20},"end":{"line":9,"column":25}},"loc":{"start":{"line":9,"column":58},"end":{"line":26,"column":5}}},"1":{"name":"(anonymous_2)","decl":{"start":{"line":27,"column":20},"end":{"line":27,"column":25}},"loc":{"start":{"line":27,"column":58},"end":{"line":41,"column":5}}},"2":{"name":"(anonymous_3)","decl":{"start":{"line":43,"column":21},"end":{"line":43,"column":26}},"loc":{"start":{"line":43,"column":59},"end":{"line":49,"column":5}}},"3":{"name":"(anonymous_4)","decl":{"start":{"line":53,"column":24},"end":{"line":53,"column":29}},"loc":{"start":{"line":53,"column":62},"end":{"line":59,"column":5}}},"4":{"name":"(anonymous_5)","decl":{"start":{"line":60,"column":24},"end":{"line":60,"column":29}},"loc":{"start":{"line":60,"column":62},"end":{"line":65,"column":5}}}},"branchMap":{},"s":{"0":2,"1":2,"2":2,"3":5,"4":5,"5":5,"6":4,"7":1,"8":1,"9":2,"10":3,"11":3,"12":2,"13":2,"14":2,"15":1,"16":1,"17":2,"18":4,"19":4,"20":2,"21":2,"22":2,"23":2,"24":2,"25":2,"26":2},"f":{"0":5,"1":3,"2":4,"3":2,"4":2},"b":{}}
,"D:\\Desarollo Web\\Full Stack Node Nest React\\CrashTracker\\backend\\src\\controllers\\ExpensesController.ts": {"path":"D:\\Desarollo Web\\Full Stack Node Nest React\\CrashTracker\\backend\\src\\controllers\\ExpensesController.ts","statementMap":{"0":{"start":{"line":2,"column":0},"end":{"line":2,"column":40}},"1":{"start":{"line":6,"column":20},"end":{"line":16,"column":5}},"2":{"start":{"line":7,"column":9},"end":{"line":15,"column":10}},"3":{"start":{"line":8,"column":32},"end":{"line":8,"column":63}},"4":{"start":{"line":9,"column":16},"end":{"line":9,"column":null}},"5":{"start":{"line":10,"column":16},"end":{"line":10,"column":37}},"6":{"start":{"line":11,"column":16},"end":{"line":11,"column":null}},"7":{"start":{"line":13,"column":16},"end":{"line":13,"column":35}},"8":{"start":{"line":14,"column":16},"end":{"line":14,"column":null}},"9":{"start":{"line":18,"column":21},"end":{"line":20,"column":5}},"10":{"start":{"line":19,"column":14},"end":{"line":19,"column":36}},"11":{"start":{"line":22,"column":24},"end":{"line":25,"column":5}},"12":{"start":{"line":23,"column":13},"end":{"line":23,"column":null}},"13":{"start":{"line":24,"column":13},"end":{"line":24,"column":61}},"14":{"start":{"line":27,"column":24},"end":{"line":30,"column":5}},"15":{"start":{"line":28,"column":10},"end":{"line":28,"column":38}},"16":{"start":{"line":29,"column":10},"end":{"line":29,"column":38}},"17":{"start":{"line":4,"column":0},"end":{"line":4,"column":13}}},"fnMap":{"0":{"name":"(anonymous_1)","decl":{"start":{"line":6,"column":20},"end":{"line":6,"column":25}},"loc":{"start":{"line":6,"column":58},"end":{"line":16,"column":5}}},"1":{"name":"(anonymous_2)","decl":{"start":{"line":18,"column":21},"end":{"line":18,"column":26}},"loc":{"start":{"line":18,"column":59},"end":{"line":20,"column":5}}},"2":{"name":"(anonymous_3)","decl":{"start":{"line":22,"column":24},"end":{"line":22,"column":29}},"loc":{"start":{"line":22,"column":62},"end":{"line":25,"column":5}}},"3":{"name":"(anonymous_4)","decl":{"start":{"line":27,"column":24},"end":{"line":27,"column":29}},"loc":{"start":{"line":27,"column":62},"end":{"line":30,"column":5}}}},"branchMap":{},"s":{"0":2,"1":2,"2":2,"3":2,"4":1,"5":1,"6":1,"7":1,"8":1,"9":2,"10":1,"11":2,"12":1,"13":1,"14":2,"15":0,"16":0,"17":2},"f":{"0":2,"1":1,"2":1,"3":0},"b":{}}
,"D:\\Desarollo Web\\Full Stack Node Nest React\\CrashTracker\\backend\\src\\emails\\Authemail.ts": {"path":"D:\\Desarollo Web\\Full Stack Node Nest React\\CrashTracker\\backend\\src\\emails\\Authemail.ts","statementMap":{"0":{"start":{"line":1,"column":0},"end":{"line":1,"column":48}},"1":{"start":{"line":10,"column":35},"end":{"line":22,"column":5}},"2":{"start":{"line":11,"column":22},"end":{"line":20,"column":10}},"3":{"start":{"line":21,"column":8},"end":{"line":21,"column":56}},"4":{"start":{"line":24,"column":36},"end":{"line":36,"column":5}},"5":{"start":{"line":25,"column":22},"end":{"line":34,"column":10}},"6":{"start":{"line":35,"column":8},"end":{"line":35,"column":56}},"7":{"start":{"line":9,"column":0},"end":{"line":9,"column":13}}},"fnMap":{"0":{"name":"(anonymous_0)","decl":{"start":{"line":10,"column":35},"end":{"line":10,"column":40}},"loc":{"start":{"line":10,"column":60},"end":{"line":22,"column":5}}},"1":{"name":"(anonymous_1)","decl":{"start":{"line":24,"column":36},"end":{"line":24,"column":41}},"loc":{"start":{"line":24,"column":61},"end":{"line":36,"column":5}}}},"branchMap":{},"s":{"0":2,"1":2,"2":1,"3":1,"4":2,"5":0,"6":0,"7":2},"f":{"0":1,"1":0},"b":{}}
,"D:\\Desarollo Web\\Full Stack Node Nest React\\CrashTracker\\backend\\src\\middleware\\auth.ts": {"path":"D:\\Desarollo Web\\Full Stack Node Nest React\\CrashTracker\\backend\\src\\middleware\\auth.ts","statementMap":{"0":{"start":{"line":1,"column":0},"end":{"line":1,"column":32}},"1":{"start":{"line":3,"column":0},"end":{"line":3,"column":34}},"2":{"start":{"line":13,"column":27},"end":{"line":41,"column":1}},"3":{"start":{"line":14,"column":17},"end":{"line":14,"column":42}},"4":{"start":{"line":15,"column":8},"end":{"line":19,"column":9}},"5":{"start":{"line":16,"column":24},"end":{"line":16,"column":50}},"6":{"start":{"line":17,"column":12},"end":{"line":17,"column":null}},"7":{"start":{"line":18,"column":12},"end":{"line":18,"column":19}},"8":{"start":{"line":21,"column":24},"end":{"line":21,"column":41}},"9":{"start":{"line":22,"column":8},"end":{"line":25,"column":9}},"10":{"start":{"line":23,"column":24},"end":{"line":23,"column":52}},"11":{"start":{"line":24,"column":12},"end":{"line":24,"column":null}},"12":{"start":{"line":26,"column":8},"end":{"line":39,"column":9}},"13":{"start":{"line":27,"column":27},"end":{"line":27,"column":67}},"14":{"start":{"line":28,"column":12},"end":{"line":35,"column":13}},"15":{"start":{"line":29,"column":12},"end":{"line":32,"column":null}},"16":{"start":{"line":33,"column":13},"end":{"line":33,"column":20}},"17":{"start":{"line":34,"column":12},"end":{"line":34,"column":19}},"18":{"start":{"line":37,"column":12},"end":{"line":37,"column":null}},"19":{"start":{"line":38,"column":12},"end":{"line":38,"column":19}},"20":{"start":{"line":13,"column":13},"end":{"line":13,"column":27}}},"fnMap":{"0":{"name":"(anonymous_1)","decl":{"start":{"line":13,"column":27},"end":{"line":13,"column":32}},"loc":{"start":{"line":13,"column":82},"end":{"line":41,"column":1}}}},"branchMap":{"0":{"loc":{"start":{"line":15,"column":8},"end":{"line":19,"column":9}},"type":"if","locations":[{"start":{"line":15,"column":8},"end":{"line":19,"column":9}}]},"1":{"loc":{"start":{"line":22,"column":8},"end":{"line":25,"column":9}},"type":"if","locations":[{"start":{"line":22,"column":8},"end":{"line":25,"column":9}}]},"2":{"loc":{"start":{"line":28,"column":12},"end":{"line":35,"column":13}},"type":"if","locations":[{"start":{"line":28,"column":12},"end":{"line":35,"column":13}}]},"3":{"loc":{"start":{"line":28,"column":15},"end":{"line":28,"column":56}},"type":"binary-expr","locations":[{"start":{"line":28,"column":15},"end":{"line":28,"column":42}},{"start":{"line":28,"column":46},"end":{"line":28,"column":56}}]}},"s":{"0":1,"1":1,"2":1,"3":16,"4":16,"5":5,"6":5,"7":5,"8":11,"9":11,"10":0,"11":0,"12":11,"13":11,"14":10,"15":10,"16":10,"17":10,"18":1,"19":1,"20":1},"f":{"0":16},"b":{"0":[5],"1":[0],"2":[10],"3":[10,10]}}
,"D:\\Desarollo Web\\Full Stack Node Nest React\\CrashTracker\\backend\\src\\middleware\\bugdet.ts": {"path":"D:\\Desarollo Web\\Full Stack Node Nest React\\CrashTracker\\backend\\src\\middleware\\bugdet.ts","statementMap":{"0":{"start":{"line":2,"column":0},"end":{"line":2,"column":66}},"1":{"start":{"line":3,"column":0},"end":{"line":3,"column":38}},"2":{"start":{"line":13,"column":32},"end":{"line":26,"column":1}},"3":{"start":{"line":15,"column":4},"end":{"line":18,"column":18}},"4":{"start":{"line":17,"column":27},"end":{"line":17,"column":36}},"5":{"start":{"line":19,"column":17},"end":{"line":19,"column":38}},"6":{"start":{"line":20,"column":4},"end":{"line":23,"column":5}},"7":{"start":{"line":21,"column":8},"end":{"line":21,"column":null}},"8":{"start":{"line":22,"column":8},"end":{"line":22,"column":15}},"9":{"start":{"line":25,"column":4},"end":{"line":25,"column":11}},"10":{"start":{"line":13,"column":13},"end":{"line":13,"column":32}},"11":{"start":{"line":27,"column":35},"end":{"line":45,"column":1}},"12":{"start":{"line":28,"column":4},"end":{"line":44,"column":5}},"13":{"start":{"line":29,"column":29},"end":{"line":29,"column":39}},"14":{"start":{"line":30,"column":23},"end":{"line":30,"column":54}},"15":{"start":{"line":31,"column":8},"end":{"line":35,"column":9}},"16":{"start":{"line":32,"column":26},"end":{"line":32,"column":64}},"17":{"start":{"line":33,"column":12},"end":{"line":33,"column":59}},"18":{"start":{"line":34,"column":12},"end":{"line":34,"column":19}},"19":{"start":{"line":37,"column":8},"end":{"line":37,"column":28}},"20":{"start":{"line":39,"column":8},"end":{"line":39,"column":15}},"21":{"start":{"line":43,"column":8},"end":{"line":43,"column":57}},"22":{"start":{"line":27,"column":13},"end":{"line":27,"column":35}},"23":{"start":{"line":47,"column":35},"end":{"line":57,"column":1}},"24":{"start":{"line":48,"column":4},"end":{"line":50,"column":null}},"25":{"start":{"line":51,"column":4},"end":{"line":55,"column":null}},"26":{"start":{"line":55,"column":27},"end":{"line":55,"column":36}},"27":{"start":{"line":56,"column":4},"end":{"line":56,"column":11}},"28":{"start":{"line":47,"column":13},"end":{"line":47,"column":35}},"29":{"start":{"line":59,"column":25},"end":{"line":66,"column":1}},"30":{"start":{"line":60,"column":4},"end":{"line":64,"column":5}},"31":{"start":{"line":61,"column":22},"end":{"line":61,"column":51}},"32":{"start":{"line":62,"column":8},"end":{"line":62,"column":55}},"33":{"start":{"line":63,"column":8},"end":{"line":63,"column":15}},"34":{"start":{"line":65,"column":4},"end":{"line":65,"column":11}},"35":{"start":{"line":59,"column":13},"end":{"line":59,"column":25}}},"fnMap":{"0":{"name":"(anonymous_1)","decl":{"start":{"line":13,"column":32},"end":{"line":13,"column":37}},"loc":{"start":{"line":13,"column":90},"end":{"line":26,"column":1}}},"1":{"name":"(anonymous_2)","decl":{"start":{"line":17,"column":16},"end":{"line":17,"column":17}},"loc":{"start":{"line":17,"column":27},"end":{"line":17,"column":36}}},"2":{"name":"(anonymous_3)","decl":{"start":{"line":27,"column":35},"end":{"line":27,"column":40}},"loc":{"start":{"line":27,"column":93},"end":{"line":45,"column":1}}},"3":{"name":"(anonymous_4)","decl":{"start":{"line":47,"column":35},"end":{"line":47,"column":40}},"loc":{"start":{"line":47,"column":93},"end":{"line":57,"column":1}}},"4":{"name":"(anonymous_5)","decl":{"start":{"line":55,"column":16},"end":{"line":55,"column":17}},"loc":{"start":{"line":55,"column":27},"end":{"line":55,"column":36}}},"5":{"name":"(anonymous_6)","decl":{"start":{"line":59,"column":25},"end":{"line":59,"column":30}},"loc":{"start":{"line":59,"column":83},"end":{"line":66,"column":1}}}},"branchMap":{"0":{"loc":{"start":{"line":20,"column":4},"end":{"line":23,"column":5}},"type":"if","locations":[{"start":{"line":20,"column":4},"end":{"line":23,"column":5}}]},"1":{"loc":{"start":{"line":31,"column":8},"end":{"line":35,"column":9}},"type":"if","locations":[{"start":{"line":31,"column":8},"end":{"line":35,"column":9}}]},"2":{"loc":{"start":{"line":60,"column":4},"end":{"line":64,"column":5}},"type":"if","locations":[{"start":{"line":60,"column":4},"end":{"line":64,"column":5}}]}},"s":{"0":3,"1":3,"2":3,"3":7,"4":6,"5":7,"6":7,"7":1,"8":1,"9":6,"10":3,"11":3,"12":9,"13":9,"14":9,"15":8,"16":3,"17":3,"18":3,"19":5,"20":5,"21":1,"22":3,"23":3,"24":4,"25":4,"26":4,"27":4,"28":3,"29":3,"30":7,"31":2,"32":2,"33":2,"34":5,"35":3},"f":{"0":7,"1":6,"2":9,"3":4,"4":4,"5":7},"b":{"0":[1],"1":[3],"2":[2]}}
,"D:\\Desarollo Web\\Full Stack Node Nest React\\CrashTracker\\backend\\src\\middleware\\expense.ts": {"path":"D:\\Desarollo Web\\Full Stack Node Nest React\\CrashTracker\\backend\\src\\middleware\\expense.ts","statementMap":{"0":{"start":{"line":2,"column":0},"end":{"line":2,"column":66}},"1":{"start":{"line":3,"column":0},"end":{"line":3,"column":40}},"2":{"start":{"line":15,"column":36},"end":{"line":25,"column":1}},"3":{"start":{"line":16,"column":4},"end":{"line":18,"column":null}},"4":{"start":{"line":19,"column":4},"end":{"line":23,"column":null}},"5":{"start":{"line":23,"column":27},"end":{"line":23,"column":36}},"6":{"start":{"line":24,"column":4},"end":{"line":24,"column":11}},"7":{"start":{"line":15,"column":13},"end":{"line":15,"column":36}},"8":{"start":{"line":27,"column":33},"end":{"line":37,"column":1}},"9":{"start":{"line":28,"column":4},"end":{"line":29,"column":null}},"10":{"start":{"line":28,"column":51},"end":{"line":28,"column":58}},"11":{"start":{"line":30,"column":17},"end":{"line":30,"column":38}},"12":{"start":{"line":32,"column":4},"end":{"line":35,"column":5}},"13":{"start":{"line":33,"column":8},"end":{"line":33,"column":null}},"14":{"start":{"line":34,"column":8},"end":{"line":34,"column":15}},"15":{"start":{"line":36,"column":4},"end":{"line":36,"column":11}},"16":{"start":{"line":27,"column":13},"end":{"line":27,"column":33}},"17":{"start":{"line":39,"column":36},"end":{"line":57,"column":1}},"18":{"start":{"line":40,"column":4},"end":{"line":56,"column":5}},"19":{"start":{"line":41,"column":30},"end":{"line":41,"column":40}},"20":{"start":{"line":42,"column":24},"end":{"line":42,"column":57}},"21":{"start":{"line":43,"column":8},"end":{"line":47,"column":9}},"22":{"start":{"line":44,"column":26},"end":{"line":44,"column":58}},"23":{"start":{"line":45,"column":12},"end":{"line":45,"column":59}},"24":{"start":{"line":46,"column":12},"end":{"line":46,"column":19}},"25":{"start":{"line":49,"column":8},"end":{"line":49,"column":30}},"26":{"start":{"line":51,"column":8},"end":{"line":51,"column":15}},"27":{"start":{"line":55,"column":8},"end":{"line":55,"column":57}},"28":{"start":{"line":39,"column":13},"end":{"line":39,"column":36}}},"fnMap":{"0":{"name":"(anonymous_1)","decl":{"start":{"line":15,"column":36},"end":{"line":15,"column":41}},"loc":{"start":{"line":15,"column":94},"end":{"line":25,"column":1}}},"1":{"name":"(anonymous_2)","decl":{"start":{"line":23,"column":16},"end":{"line":23,"column":17}},"loc":{"start":{"line":23,"column":27},"end":{"line":23,"column":36}}},"2":{"name":"(anonymous_3)","decl":{"start":{"line":27,"column":33},"end":{"line":27,"column":38}},"loc":{"start":{"line":27,"column":91},"end":{"line":37,"column":1}}},"3":{"name":"(anonymous_4)","decl":{"start":{"line":28,"column":44},"end":{"line":28,"column":49}},"loc":{"start":{"line":28,"column":51},"end":{"line":28,"column":58}}},"4":{"name":"(anonymous_5)","decl":{"start":{"line":39,"column":36},"end":{"line":39,"column":41}},"loc":{"start":{"line":39,"column":94},"end":{"line":57,"column":1}}}},"branchMap":{"0":{"loc":{"start":{"line":32,"column":4},"end":{"line":35,"column":5}},"type":"if","locations":[{"start":{"line":32,"column":4},"end":{"line":35,"column":5}}]},"1":{"loc":{"start":{"line":43,"column":8},"end":{"line":47,"column":9}},"type":"if","locations":[{"start":{"line":43,"column":8},"end":{"line":47,"column":9}}]}},"s":{"0":2,"1":2,"2":2,"3":0,"4":0,"5":0,"6":0,"7":2,"8":2,"9":0,"10":0,"11":0,"12":0,"13":0,"14":0,"15":0,"16":2,"17":2,"18":3,"19":3,"20":3,"21":2,"22":1,"23":1,"24":1,"25":1,"26":1,"27":1,"28":2},"f":{"0":0,"1":0,"2":0,"3":0,"4":3},"b":{"0":[0],"1":[1]}}
,"D:\\Desarollo Web\\Full Stack Node Nest React\\CrashTracker\\backend\\src\\middleware\\validations.ts": {"path":"D:\\Desarollo Web\\Full Stack Node Nest React\\CrashTracker\\backend\\src\\middleware\\validations.ts","statementMap":{"0":{"start":{"line":2,"column":0},"end":{"line":2,"column":50}},"1":{"start":{"line":4,"column":32},"end":{"line":14,"column":1}},"2":{"start":{"line":7,"column":19},"end":{"line":7,"column":40}},"3":{"start":{"line":8,"column":8},"end":{"line":11,"column":9}},"4":{"start":{"line":9,"column":13},"end":{"line":9,"column":null}},"5":{"start":{"line":10,"column":13},"end":{"line":10,"column":20}},"6":{"start":{"line":13,"column":8},"end":{"line":13,"column":15}},"7":{"start":{"line":4,"column":13},"end":{"line":4,"column":32}}},"fnMap":{"0":{"name":"(anonymous_0)","decl":{"start":{"line":4,"column":32},"end":{"line":4,"column":33}},"loc":{"start":{"line":4,"column":80},"end":{"line":14,"column":1}}}},"branchMap":{"0":{"loc":{"start":{"line":8,"column":8},"end":{"line":11,"column":9}},"type":"if","locations":[{"start":{"line":8,"column":8},"end":{"line":11,"column":9}}]}},"s":{"0":1,"1":1,"2":24,"3":24,"4":8,"5":8,"6":16,"7":1},"f":{"0":24},"b":{"0":[8]}}
,"D:\\Desarollo Web\\Full Stack Node Nest React\\CrashTracker\\backend\\src\\models\\Bugdet.ts": {"path":"D:\\Desarollo Web\\Full Stack Node Nest React\\CrashTracker\\backend\\src\\models\\Bugdet.ts","statementMap":{"0":{"start":{"line":1,"column":0},"end":{"line":1,"column":112}},"1":{"start":{"line":2,"column":0},"end":{"line":2,"column":32}},"2":{"start":{"line":3,"column":0},"end":{"line":3,"column":26}},"3":{"start":{"line":8,"column":0},"end":{"line":31,"column":null}},"4":{"start":{"line":13,"column":12},"end":{"line":13,"column":null}},"5":{"start":{"line":18,"column":12},"end":{"line":18,"column":null}},"6":{"start":{"line":24,"column":12},"end":{"line":24,"column":null}},"7":{"start":{"line":20,"column":18},"end":{"line":20,"column":25}},"8":{"start":{"line":27,"column":12},"end":{"line":27,"column":null}},"9":{"start":{"line":26,"column":21},"end":{"line":26,"column":25}},"10":{"start":{"line":30,"column":12},"end":{"line":30,"column":null}},"11":{"start":{"line":29,"column":19},"end":{"line":29,"column":23}},"12":{"start":{"line":8,"column":6},"end":{"line":31,"column":null}},"13":{"start":{"line":33,"column":0},"end":{"line":33,"column":22}}},"fnMap":{"0":{"name":"(anonymous_3)","decl":{"start":{"line":20,"column":13},"end":{"line":20,"column":15}},"loc":{"start":{"line":20,"column":18},"end":{"line":20,"column":25}}},"1":{"name":"(anonymous_4)","decl":{"start":{"line":26,"column":16},"end":{"line":26,"column":18}},"loc":{"start":{"line":26,"column":21},"end":{"line":26,"column":25}}},"2":{"name":"(anonymous_5)","decl":{"start":{"line":29,"column":15},"end":{"line":29,"column":17}},"loc":{"start":{"line":29,"column":19},"end":{"line":29,"column":23}}}},"branchMap":{},"s":{"0":2,"1":2,"2":2,"3":2,"4":2,"5":2,"6":2,"7":3,"8":2,"9":2,"10":2,"11":3,"12":2,"13":2},"f":{"0":3,"1":2,"2":3},"b":{}}
,"D:\\Desarollo Web\\Full Stack Node Nest React\\CrashTracker\\backend\\src\\models\\Expense.ts": {"path":"D:\\Desarollo Web\\Full Stack Node Nest React\\CrashTracker\\backend\\src\\models\\Expense.ts","statementMap":{"0":{"start":{"line":1,"column":0},"end":{"line":1,"column":102}},"1":{"start":{"line":2,"column":0},"end":{"line":2,"column":30}},"2":{"start":{"line":8,"column":0},"end":{"line":29,"column":null}},"3":{"start":{"line":14,"column":12},"end":{"line":14,"column":null}},"4":{"start":{"line":20,"column":12},"end":{"line":20,"column":null}},"5":{"start":{"line":24,"column":12},"end":{"line":24,"column":null}},"6":{"start":{"line":23,"column":20},"end":{"line":23,"column":26}},"7":{"start":{"line":27,"column":12},"end":{"line":27,"column":null}},"8":{"start":{"line":26,"column":19},"end":{"line":26,"column":25}},"9":{"start":{"line":8,"column":6},"end":{"line":29,"column":null}},"10":{"start":{"line":31,"column":0},"end":{"line":31,"column":23}}},"fnMap":{"0":{"name":"(anonymous_3)","decl":{"start":{"line":23,"column":16},"end":{"line":23,"column":18}},"loc":{"start":{"line":23,"column":20},"end":{"line":23,"column":26}}},"1":{"name":"(anonymous_4)","decl":{"start":{"line":26,"column":15},"end":{"line":26,"column":17}},"loc":{"start":{"line":26,"column":19},"end":{"line":26,"column":25}}}},"branchMap":{},"s":{"0":2,"1":2,"2":2,"3":2,"4":2,"5":2,"6":2,"7":2,"8":2,"9":2,"10":2},"f":{"0":2,"1":2},"b":{}}
,"D:\\Desarollo Web\\Full Stack Node Nest React\\CrashTracker\\backend\\src\\models\\User.ts": {"path":"D:\\Desarollo Web\\Full Stack Node Nest React\\CrashTracker\\backend\\src\\models\\User.ts","statementMap":{"0":{"start":{"line":1,"column":0},"end":{"line":1,"column":105}},"1":{"start":{"line":2,"column":0},"end":{"line":2,"column":30}},"2":{"start":{"line":9,"column":0},"end":{"line":47,"column":null}},"3":{"start":{"line":15,"column":12},"end":{"line":15,"column":null}},"4":{"start":{"line":21,"column":12},"end":{"line":21,"column":null}},"5":{"start":{"line":28,"column":12},"end":{"line":28,"column":null}},"6":{"start":{"line":33,"column":12},"end":{"line":33,"column":null}},"7":{"start":{"line":39,"column":12},"end":{"line":39,"column":null}},"8":{"start":{"line":46,"column":12},"end":{"line":46,"column":null}},"9":{"start":{"line":42,"column":17},"end":{"line":42,"column":23}},"10":{"start":{"line":9,"column":6},"end":{"line":47,"column":null}},"11":{"start":{"line":49,"column":0},"end":{"line":49,"column":20}}},"fnMap":{"0":{"name":"(anonymous_3)","decl":{"start":{"line":42,"column":13},"end":{"line":42,"column":15}},"loc":{"start":{"line":42,"column":17},"end":{"line":42,"column":23}}}},"branchMap":{},"s":{"0":2,"1":2,"2":2,"3":2,"4":2,"5":2,"6":2,"7":2,"8":2,"9":2,"10":2,"11":2},"f":{"0":2},"b":{}}
,"D:\\Desarollo Web\\Full Stack Node Nest React\\CrashTracker\\backend\\src\\routes\\authRouter.ts": {"path":"D:\\Desarollo Web\\Full Stack Node Nest React\\CrashTracker\\backend\\src\\routes\\authRouter.ts","statementMap":{"0":{"start":{"line":1,"column":0},"end":{"line":1,"column":28}},"1":{"start":{"line":2,"column":0},"end":{"line":2,"column":48}},"2":{"start":{"line":3,"column":0},"end":{"line":3,"column":63}},"3":{"start":{"line":4,"column":0},"end":{"line":4,"column":63}},"4":{"start":{"line":5,"column":0},"end":{"line":5,"column":44}},"5":{"start":{"line":6,"column":0},"end":{"line":6,"column":49}},"6":{"start":{"line":8,"column":15},"end":{"line":8,"column":23}},"7":{"start":{"line":10,"column":0},"end":{"line":10,"column":null}},"8":{"start":{"line":11,"column":0},"end":{"line":16,"column":34}},"9":{"start":{"line":19,"column":0},"end":{"line":24,"column":null}},"10":{"start":{"line":26,"column":0},"end":{"line":30,"column":26}},"11":{"start":{"line":32,"column":0},"end":{"line":36,"column":null}},"12":{"start":{"line":38,"column":0},"end":{"line":44,"column":null}},"13":{"start":{"line":46,"column":0},"end":{"line":51,"column":null}},"14":{"start":{"line":53,"column":0},"end":{"line":55,"column":25}},"15":{"start":{"line":57,"column":0},"end":{"line":62,"column":null}},"16":{"start":{"line":64,"column":0},"end":{"line":68,"column":null}},"17":{"start":{"line":70,"column":0},"end":{"line":70,"column":22}}},"fnMap":{},"branchMap":{},"s":{"0":1,"1":1,"2":1,"3":1,"4":1,"5":1,"6":1,"7":1,"8":1,"9":1,"10":1,"11":1,"12":1,"13":1,"14":1,"15":1,"16":1,"17":1},"f":{},"b":{}}
,"D:\\Desarollo Web\\Full Stack Node Nest React\\CrashTracker\\backend\\src\\routes\\budgetRouter.ts": {"path":"D:\\Desarollo Web\\Full Stack Node Nest React\\CrashTracker\\backend\\src\\routes\\budgetRouter.ts","statementMap":{"0":{"start":{"line":1,"column":0},"end":{"line":1,"column":33}},"1":{"start":{"line":3,"column":0},"end":{"line":3,"column":67}},"2":{"start":{"line":4,"column":0},"end":{"line":4,"column":63}},"3":{"start":{"line":5,"column":0},"end":{"line":5,"column":109}},"4":{"start":{"line":6,"column":0},"end":{"line":6,"column":71}},"5":{"start":{"line":7,"column":0},"end":{"line":7,"column":102}},"6":{"start":{"line":8,"column":0},"end":{"line":8,"column":49}},"7":{"start":{"line":10,"column":14},"end":{"line":10,"column":22}},"8":{"start":{"line":12,"column":0},"end":{"line":12,"column":24}},"9":{"start":{"line":14,"column":0},"end":{"line":14,"column":null}},"10":{"start":{"line":15,"column":0},"end":{"line":15,"column":46}},"11":{"start":{"line":16,"column":0},"end":{"line":16,"column":36}},"12":{"start":{"line":18,"column":0},"end":{"line":18,"column":45}},"13":{"start":{"line":19,"column":0},"end":{"line":19,"column":48}},"14":{"start":{"line":21,"column":0},"end":{"line":21,"column":null}},"15":{"start":{"line":23,"column":0},"end":{"line":26,"column":29}},"16":{"start":{"line":28,"column":0},"end":{"line":28,"column":50}},"17":{"start":{"line":30,"column":0},"end":{"line":33,"column":33}},"18":{"start":{"line":35,"column":0},"end":{"line":35,"column":null}},"19":{"start":{"line":38,"column":0},"end":{"line":41,"column":null}},"20":{"start":{"line":43,"column":0},"end":{"line":43,"column":null}},"21":{"start":{"line":44,"column":0},"end":{"line":47,"column":null}},"22":{"start":{"line":48,"column":0},"end":{"line":48,"column":null}},"23":{"start":{"line":51,"column":0},"end":{"line":51,"column":22}}},"fnMap":{},"branchMap":{},"s":{"0":1,"1":1,"2":1,"3":1,"4":1,"5":1,"6":1,"7":1,"8":1,"9":1,"10":1,"11":1,"12":1,"13":1,"14":1,"15":1,"16":1,"17":1,"18":1,"19":1,"20":1,"21":1,"22":1,"23":1},"f":{},"b":{}}
,"D:\\Desarollo Web\\Full Stack Node Nest React\\CrashTracker\\backend\\src\\tests\\mocks\\budgets.ts": {"path":"D:\\Desarollo Web\\Full Stack Node Nest React\\CrashTracker\\backend\\src\\tests\\mocks\\budgets.ts","statementMap":{"0":{"start":{"line":1,"column":13},"end":{"line":71,"column":2}}},"fnMap":{},"branchMap":{},"s":{"0":3},"f":{},"b":{}}
,"D:\\Desarollo Web\\Full Stack Node Nest React\\CrashTracker\\backend\\src\\tests\\mocks\\expenses.ts": {"path":"D:\\Desarollo Web\\Full Stack Node Nest React\\CrashTracker\\backend\\src\\tests\\mocks\\expenses.ts","statementMap":{"0":{"start":{"line":1,"column":13},"end":{"line":26,"column":null}}},"fnMap":{},"branchMap":{},"s":{"0":2},"f":{},"b":{}}
,"D:\\Desarollo Web\\Full Stack Node Nest React\\CrashTracker\\backend\\src\\utils\\auth.ts": {"path":"D:\\Desarollo Web\\Full Stack Node Nest React\\CrashTracker\\backend\\src\\utils\\auth.ts","statementMap":{"0":{"start":{"line":1,"column":0},"end":{"line":1,"column":28}},"1":{"start":{"line":3,"column":28},"end":{"line":6,"column":1}},"2":{"start":{"line":4,"column":20},"end":{"line":4,"column":44}},"3":{"start":{"line":5,"column":8},"end":{"line":5,"column":49}},"4":{"start":{"line":3,"column":13},"end":{"line":3,"column":28}},"5":{"start":{"line":8,"column":29},"end":{"line":10,"column":1}},"6":{"start":{"line":9,"column":8},"end":{"line":9,"column":52}},"7":{"start":{"line":8,"column":13},"end":{"line":8,"column":29}}},"fnMap":{"0":{"name":"(anonymous_1)","decl":{"start":{"line":3,"column":28},"end":{"line":3,"column":33}},"loc":{"start":{"line":3,"column":55},"end":{"line":6,"column":1}}},"1":{"name":"(anonymous_2)","decl":{"start":{"line":8,"column":29},"end":{"line":8,"column":34}},"loc":{"start":{"line":8,"column":70},"end":{"line":10,"column":1}}}},"branchMap":{},"s":{"0":1,"1":1,"2":1,"3":1,"4":1,"5":1,"6":5,"7":1},"f":{"0":1,"1":5},"b":{}}
,"D:\\Desarollo Web\\Full Stack Node Nest React\\CrashTracker\\backend\\src\\utils\\jwt.ts": {"path":"D:\\Desarollo Web\\Full Stack Node Nest React\\CrashTracker\\backend\\src\\utils\\jwt.ts","statementMap":{"0":{"start":{"line":1,"column":0},"end":{"line":1,"column":31}},"1":{"start":{"line":3,"column":27},"end":{"line":9,"column":1}},"2":{"start":{"line":4,"column":22},"end":{"line":7,"column":10}},"3":{"start":{"line":8,"column":8},"end":{"line":8,"column":21}},"4":{"start":{"line":3,"column":13},"end":{"line":3,"column":27}}},"fnMap":{"0":{"name":"(anonymous_1)","decl":{"start":{"line":3,"column":27},"end":{"line":3,"column":28}},"loc":{"start":{"line":3,"column":48},"end":{"line":9,"column":1}}}},"branchMap":{},"s":{"0":1,"1":1,"2":5,"3":5,"4":1},"f":{"0":5},"b":{}}
,"D:\\Desarollo Web\\Full Stack Node Nest React\\CrashTracker\\backend\\src\\utils\\token.ts": {"path":"D:\\Desarollo Web\\Full Stack Node Nest React\\CrashTracker\\backend\\src\\utils\\token.ts","statementMap":{"0":{"start":{"line":1,"column":29},"end":{"line":1,"column":86}},"1":{"start":{"line":1,"column":35},"end":{"line":1,"column":86}},"2":{"start":{"line":1,"column":13},"end":{"line":1,"column":29}}},"fnMap":{"0":{"name":"(anonymous_0)","decl":{"start":{"line":1,"column":29},"end":{"line":1,"column":32}},"loc":{"start":{"line":1,"column":35},"end":{"line":1,"column":86}}}},"branchMap":{},"s":{"0":1,"1":1,"2":1},"f":{"0":1},"b":{}}
}
