TN:
SF:src\server.ts
FN:7,connectDB
FN:31,(anonymous_2)
FNF:2
FNH:1
FNDA:1,connectDB
FNDA:0,(anonymous_2)
DA:1,1
DA:2,1
DA:3,1
DA:4,1
DA:5,1
DA:6,1
DA:7,1
DA:8,1
DA:9,1
DA:10,1
DA:11,1
DA:13,0
DA:19,1
DA:21,1
DA:23,1
DA:25,1
DA:26,1
DA:27,1
DA:31,1
DA:32,0
DA:35,1
LF:21
LH:19
BRF:0
BRH:0
end_of_record
TN:
SF:src\config\db.ts
FNF:0
FNH:0
DA:1,1
DA:2,1
DA:4,1
DA:7,1
LF:4
LH:4
BRF:0
BRH:0
end_of_record
TN:
SF:src\config\limiter.ts
FNF:0
FNH:0
DA:1,1
DA:3,1
LF:2
LH:2
BRDA:5,0,0,0
BRDA:5,0,1,1
BRF:2
BRH:1
end_of_record
TN:
SF:src\config\nodemailer.ts
FN:14,(anonymous_1)
FNF:1
FNH:1
FNDA:2,(anonymous_1)
DA:1,2
DA:2,2
DA:3,2
DA:14,2
DA:15,2
DA:26,2
LF:6
LH:6
BRF:0
BRH:0
end_of_record
TN:
SF:src\controllers\AuthController.ts
FN:9,(anonymous_1)
FN:51,(anonymous_2)
FN:66,(anonymous_3)
FN:90,(anonymous_4)
FN:113,(anonymous_5)
FN:124,(anonymous_6)
FN:143,(anonymous_7)
FN:147,(anonymous_8)
FN:167,(anonymous_9)
FNF:9
FNH:3
FNDA:5,(anonymous_1)
FNDA:2,(anonymous_2)
FNDA:13,(anonymous_3)
FNDA:0,(anonymous_4)
FNDA:0,(anonymous_5)
FNDA:0,(anonymous_6)
FNDA:0,(anonymous_7)
FNDA:0,(anonymous_8)
FNDA:0,(anonymous_9)
DA:2,2
DA:3,2
DA:4,2
DA:5,2
DA:6,2
DA:8,2
DA:9,2
DA:11,5
DA:13,5
DA:14,5
DA:15,3
DA:16,3
DA:17,3
DA:20,2
DA:21,2
DA:22,2
DA:23,2
DA:24,2
DA:27,2
DA:28,2
DA:32,2
DA:34,2
DA:40,2
DA:41,2
DA:45,0
DA:46,0
DA:47,0
DA:51,2
DA:52,2
DA:53,2
DA:54,2
DA:55,1
DA:56,1
DA:57,1
DA:59,1
DA:60,1
DA:61,1
DA:63,1
DA:64,1
DA:66,2
DA:67,13
DA:68,13
DA:69,13
DA:70,1
DA:71,1
DA:72,1
DA:74,12
DA:75,3
DA:76,3
DA:77,3
DA:79,9
DA:80,9
DA:81,2
DA:82,2
DA:83,2
DA:85,7
DA:86,7
DA:90,2
DA:91,0
DA:93,0
DA:94,0
DA:95,0
DA:96,0
DA:97,0
DA:100,0
DA:101,0
DA:102,0
DA:109,0
DA:110,0
DA:113,2
DA:114,0
DA:115,0
DA:116,0
DA:117,0
DA:118,0
DA:119,0
DA:121,0
DA:124,2
DA:125,0
DA:126,0
DA:128,0
DA:129,0
DA:130,0
DA:131,0
DA:132,0
DA:135,0
DA:136,0
DA:137,0
DA:139,0
DA:140,0
DA:143,2
DA:145,0
DA:147,2
DA:149,0
DA:150,0
DA:152,0
DA:154,0
DA:155,0
DA:156,0
DA:157,0
DA:158,0
DA:161,0
DA:162,0
DA:163,0
DA:164,0
DA:167,2
DA:168,0
DA:169,0
DA:171,0
DA:173,0
DA:174,0
DA:175,0
DA:176,0
DA:177,0
DA:179,0
DA:180,0
LF:116
LH:60
BRDA:14,0,0,3
BRDA:27,1,0,2
BRDA:54,2,0,1
BRDA:69,3,0,1
BRDA:74,4,0,3
BRDA:80,5,0,2
BRDA:94,6,0,0
BRDA:116,7,0,0
BRDA:129,8,0,0
BRDA:155,9,0,0
BRDA:174,10,0,0
BRF:11
BRH:6
end_of_record
TN:
SF:src\controllers\BudgetController.ts
FN:9,(anonymous_1)
FN:27,(anonymous_2)
FN:43,(anonymous_3)
FN:53,(anonymous_4)
FN:60,(anonymous_5)
FNF:5
FNH:5
FNDA:5,(anonymous_1)
FNDA:3,(anonymous_2)
FNDA:4,(anonymous_3)
FNDA:2,(anonymous_4)
FNDA:2,(anonymous_5)
DA:2,2
DA:3,2
DA:7,2
DA:9,2
DA:10,5
DA:11,5
DA:12,5
DA:21,4
DA:23,1
DA:24,1
DA:27,2
DA:29,3
DA:30,3
DA:31,2
DA:33,2
DA:34,2
DA:37,1
DA:38,1
DA:43,2
DA:44,4
DA:48,4
DA:53,2
DA:55,2
DA:57,2
DA:60,2
DA:62,2
DA:63,2
LF:27
LH:27
BRF:0
BRH:0
end_of_record
TN:
SF:src\controllers\ExpensesController.ts
FN:6,(anonymous_1)
FN:18,(anonymous_2)
FN:22,(anonymous_3)
FN:27,(anonymous_4)
FNF:4
FNH:3
FNDA:2,(anonymous_1)
FNDA:1,(anonymous_2)
FNDA:1,(anonymous_3)
FNDA:0,(anonymous_4)
DA:2,2
DA:4,2
DA:6,2
DA:7,2
DA:8,2
DA:9,1
DA:10,1
DA:11,1
DA:13,1
DA:14,1
DA:18,2
DA:19,1
DA:22,2
DA:23,1
DA:24,1
DA:27,2
DA:28,0
DA:29,0
LF:18
LH:16
BRF:0
BRH:0
end_of_record
TN:
SF:src\emails\Authemail.ts
FN:10,(anonymous_0)
FN:24,(anonymous_1)
FNF:2
FNH:1
FNDA:1,(anonymous_0)
FNDA:0,(anonymous_1)
DA:1,2
DA:9,2
DA:10,2
DA:11,1
DA:21,1
DA:24,2
DA:25,0
DA:35,0
LF:8
LH:6
BRF:0
BRH:0
end_of_record
TN:
SF:src\middleware\auth.ts
FN:13,(anonymous_1)
FNF:1
FNH:1
FNDA:16,(anonymous_1)
DA:1,1
DA:3,1
DA:13,1
DA:14,16
DA:15,16
DA:16,5
DA:17,5
DA:18,5
DA:21,11
DA:22,11
DA:23,0
DA:24,0
DA:26,11
DA:27,11
DA:28,10
DA:29,10
DA:33,10
DA:34,10
DA:37,1
DA:38,1
LF:20
LH:18
BRDA:15,0,0,5
BRDA:22,1,0,0
BRDA:28,2,0,10
BRDA:28,3,0,10
BRDA:28,3,1,10
BRF:5
BRH:4
end_of_record
TN:
SF:src\middleware\bugdet.ts
FN:13,(anonymous_1)
FN:17,(anonymous_2)
FN:27,(anonymous_3)
FN:47,(anonymous_4)
FN:55,(anonymous_5)
FN:59,(anonymous_6)
FNF:6
FNH:6
FNDA:7,(anonymous_1)
FNDA:6,(anonymous_2)
FNDA:9,(anonymous_3)
FNDA:4,(anonymous_4)
FNDA:4,(anonymous_5)
FNDA:7,(anonymous_6)
DA:2,3
DA:3,3
DA:13,3
DA:15,7
DA:17,6
DA:19,7
DA:20,7
DA:21,1
DA:22,1
DA:25,6
DA:27,3
DA:28,9
DA:29,9
DA:30,9
DA:31,8
DA:32,3
DA:33,3
DA:34,3
DA:37,5
DA:39,5
DA:43,1
DA:47,3
DA:48,4
DA:51,4
DA:55,4
DA:56,4
DA:59,3
DA:60,7
DA:61,2
DA:62,2
DA:63,2
DA:65,5
LF:32
LH:32
BRDA:20,0,0,1
BRDA:31,1,0,3
BRDA:60,2,0,2
BRF:3
BRH:3
end_of_record
TN:
SF:src\middleware\expense.ts
FN:15,(anonymous_1)
FN:23,(anonymous_2)
FN:27,(anonymous_3)
FN:28,(anonymous_4)
FN:39,(anonymous_5)
FNF:5
FNH:1
FNDA:0,(anonymous_1)
FNDA:0,(anonymous_2)
FNDA:0,(anonymous_3)
FNDA:0,(anonymous_4)
FNDA:3,(anonymous_5)
DA:2,2
DA:3,2
DA:15,2
DA:16,0
DA:19,0
DA:23,0
DA:24,0
DA:27,2
DA:28,0
DA:30,0
DA:32,0
DA:33,0
DA:34,0
DA:36,0
DA:39,2
DA:40,3
DA:41,3
DA:42,3
DA:43,2
DA:44,1
DA:45,1
DA:46,1
DA:49,1
DA:51,1
DA:55,1
LF:25
LH:15
BRDA:32,0,0,0
BRDA:43,1,0,1
BRF:2
BRH:1
end_of_record
TN:
SF:src\middleware\validations.ts
FN:4,(anonymous_0)
FNF:1
FNH:1
FNDA:24,(anonymous_0)
DA:2,1
DA:4,1
DA:7,24
DA:8,24
DA:9,8
DA:10,8
DA:13,16
LF:7
LH:7
BRDA:8,0,0,8
BRF:1
BRH:1
end_of_record
TN:
SF:src\models\Bugdet.ts
FN:20,(anonymous_3)
FN:26,(anonymous_4)
FN:29,(anonymous_5)
FNF:3
FNH:3
FNDA:3,(anonymous_3)
FNDA:2,(anonymous_4)
FNDA:3,(anonymous_5)
DA:1,2
DA:2,2
DA:3,2
DA:8,2
DA:13,2
DA:18,2
DA:20,3
DA:24,2
DA:26,2
DA:27,2
DA:29,3
DA:30,2
DA:33,2
LF:13
LH:13
BRF:0
BRH:0
end_of_record
TN:
SF:src\models\Expense.ts
FN:23,(anonymous_3)
FN:26,(anonymous_4)
FNF:2
FNH:2
FNDA:2,(anonymous_3)
FNDA:2,(anonymous_4)
DA:1,2
DA:2,2
DA:8,2
DA:14,2
DA:20,2
DA:23,2
DA:24,2
DA:26,2
DA:27,2
DA:31,2
LF:10
LH:10
BRF:0
BRH:0
end_of_record
TN:
SF:src\models\User.ts
FN:42,(anonymous_3)
FNF:1
FNH:1
FNDA:2,(anonymous_3)
DA:1,2
DA:2,2
DA:9,2
DA:15,2
DA:21,2
DA:28,2
DA:33,2
DA:39,2
DA:42,2
DA:46,2
DA:49,2
LF:11
LH:11
BRF:0
BRH:0
end_of_record
TN:
SF:src\routes\authRouter.ts
FNF:0
FNH:0
DA:1,1
DA:2,1
DA:3,1
DA:4,1
DA:5,1
DA:6,1
DA:8,1
DA:10,1
DA:11,1
DA:19,1
DA:26,1
DA:32,1
DA:38,1
DA:46,1
DA:53,1
DA:57,1
DA:64,1
DA:70,1
LF:18
LH:18
BRF:0
BRH:0
end_of_record
TN:
SF:src\routes\budgetRouter.ts
FNF:0
FNH:0
DA:1,1
DA:3,1
DA:4,1
DA:5,1
DA:6,1
DA:7,1
DA:8,1
DA:10,1
DA:12,1
DA:14,1
DA:15,1
DA:16,1
DA:18,1
DA:19,1
DA:21,1
DA:23,1
DA:28,1
DA:30,1
DA:35,1
DA:38,1
DA:43,1
DA:44,1
DA:48,1
DA:51,1
LF:24
LH:24
BRF:0
BRH:0
end_of_record
TN:
SF:src\tests\mocks\budgets.ts
FNF:0
FNH:0
DA:1,3
LF:1
LH:1
BRF:0
BRH:0
end_of_record
TN:
SF:src\tests\mocks\expenses.ts
FNF:0
FNH:0
DA:1,2
LF:1
LH:1
BRF:0
BRH:0
end_of_record
TN:
SF:src\utils\auth.ts
FN:3,(anonymous_1)
FN:8,(anonymous_2)
FNF:2
FNH:2
FNDA:1,(anonymous_1)
FNDA:5,(anonymous_2)
DA:1,1
DA:3,1
DA:4,1
DA:5,1
DA:8,1
DA:9,5
LF:6
LH:6
BRF:0
BRH:0
end_of_record
TN:
SF:src\utils\jwt.ts
FN:3,(anonymous_1)
FNF:1
FNH:1
FNDA:5,(anonymous_1)
DA:1,1
DA:3,1
DA:4,5
DA:8,5
LF:4
LH:4
BRF:0
BRH:0
end_of_record
TN:
SF:src\utils\token.ts
FN:1,(anonymous_0)
FNF:1
FNH:1
FNDA:1,(anonymous_0)
DA:1,1
LF:1
LH:1
BRF:0
BRH:0
end_of_record
